2025-04-29 14:44:54.691 [info] [main] Log level: Info
2025-04-29 14:44:54.691 [info] [main] Validating found git in: "git"
2025-04-29 14:44:54.691 [info] [main] Using git "2.43.0" from "git"
2025-04-29 14:44:54.691 [info] [Model][doInitialScan] Initial repository scan started
2025-04-29 14:44:54.691 [info] > git rev-parse --show-toplevel [5ms]
2025-04-29 14:44:54.691 [info] fatal: not a git repository (or any parent up to mount point /)
Stopping at filesystem boundary (GIT_DISCOVERY_ACROSS_FILESYSTEM not set).
2025-04-29 14:44:54.691 [info] > git rev-parse --show-toplevel [30ms]
2025-04-29 14:44:54.691 [info] fatal: not a git repository (or any parent up to mount point /)
Stopping at filesystem boundary (GIT_DISCOVERY_ACROSS_FILESYSTEM not set).
2025-04-29 14:44:54.698 [info] > git rev-parse --show-toplevel [2ms]
2025-04-29 14:44:54.698 [info] fatal: not a git repository (or any parent up to mount point /)
Stopping at filesystem boundary (GIT_DISCOVERY_ACROSS_FILESYSTEM not set).
2025-04-29 14:44:54.704 [info] > git rev-parse --show-toplevel [1ms]
2025-04-29 14:44:54.704 [info] fatal: not a git repository (or any parent up to mount point /)
Stopping at filesystem boundary (GIT_DISCOVERY_ACROSS_FILESYSTEM not set).
2025-04-29 14:44:54.710 [info] > git rev-parse --show-toplevel [2ms]
2025-04-29 14:44:54.710 [info] fatal: not a git repository (or any parent up to mount point /)
Stopping at filesystem boundary (GIT_DISCOVERY_ACROSS_FILESYSTEM not set).
2025-04-29 14:44:54.716 [info] > git rev-parse --show-toplevel [2ms]
2025-04-29 14:44:54.716 [info] fatal: not a git repository (or any parent up to mount point /)
Stopping at filesystem boundary (GIT_DISCOVERY_ACROSS_FILESYSTEM not set).
2025-04-29 14:44:54.722 [info] > git rev-parse --show-toplevel [2ms]
2025-04-29 14:44:54.722 [info] fatal: not a git repository (or any parent up to mount point /)
Stopping at filesystem boundary (GIT_DISCOVERY_ACROSS_FILESYSTEM not set).
2025-04-29 14:44:54.833 [info] > git rev-parse --show-toplevel [107ms]
2025-04-29 14:44:54.833 [info] fatal: not a git repository (or any parent up to mount point /)
Stopping at filesystem boundary (GIT_DISCOVERY_ACROSS_FILESYSTEM not set).
2025-04-29 14:44:54.845 [info] > git rev-parse --show-toplevel [5ms]
2025-04-29 14:44:54.845 [info] fatal: not a git repository (or any parent up to mount point /)
Stopping at filesystem boundary (GIT_DISCOVERY_ACROSS_FILESYSTEM not set).
2025-04-29 14:44:57.475 [info] > git rev-parse --show-toplevel [2614ms]
2025-04-29 14:44:57.475 [info] fatal: not a git repository (or any parent up to mount point /)
Stopping at filesystem boundary (GIT_DISCOVERY_ACROSS_FILESYSTEM not set).
2025-04-29 14:44:57.477 [info] [Model][doInitialScan] Initial repository scan completed - repositories (0), closed repositories (0), parent repositories (0), unsafe repositories (0)
2025-04-29 14:44:57.849 [info] > git rev-parse --show-toplevel [333ms]
2025-04-29 14:44:57.849 [info] fatal: not a git repository (or any parent up to mount point /)
Stopping at filesystem boundary (GIT_DISCOVERY_ACROSS_FILESYSTEM not set).
2025-04-29 15:13:03.379 [info] > git rev-parse --show-toplevel [9ms]
2025-04-29 15:13:03.379 [info] fatal: not a git repository (or any parent up to mount point /)
Stopping at filesystem boundary (GIT_DISCOVERY_ACROSS_FILESYSTEM not set).
2025-04-29 15:16:55.956 [info] > git rev-parse --show-toplevel [7ms]
2025-04-29 15:16:55.956 [info] fatal: not a git repository (or any parent up to mount point /)
Stopping at filesystem boundary (GIT_DISCOVERY_ACROSS_FILESYSTEM not set).
2025-04-29 15:17:26.637 [info] > git rev-parse --show-toplevel [3ms]
2025-04-29 15:17:26.637 [info] fatal: not a git repository (or any parent up to mount point /)
Stopping at filesystem boundary (GIT_DISCOVERY_ACROSS_FILESYSTEM not set).
2025-04-29 15:17:29.190 [info] > git rev-parse --show-toplevel [2ms]
2025-04-29 15:17:29.190 [info] fatal: not a git repository (or any parent up to mount point /)
Stopping at filesystem boundary (GIT_DISCOVERY_ACROSS_FILESYSTEM not set).
2025-04-29 15:17:31.097 [info] > git rev-parse --show-toplevel [2ms]
2025-04-29 15:17:31.097 [info] fatal: not a git repository (or any parent up to mount point /)
Stopping at filesystem boundary (GIT_DISCOVERY_ACROSS_FILESYSTEM not set).
2025-04-29 15:17:34.254 [info] > git rev-parse --show-toplevel [3ms]
2025-04-29 15:17:34.254 [info] fatal: not a git repository (or any parent up to mount point /)
Stopping at filesystem boundary (GIT_DISCOVERY_ACROSS_FILESYSTEM not set).
2025-04-29 15:17:36.660 [info] > git rev-parse --show-toplevel [2ms]
2025-04-29 15:17:36.660 [info] fatal: not a git repository (or any parent up to mount point /)
Stopping at filesystem boundary (GIT_DISCOVERY_ACROSS_FILESYSTEM not set).
2025-04-29 15:17:37.470 [info] > git rev-parse --show-toplevel [3ms]
2025-04-29 15:17:37.471 [info] fatal: not a git repository (or any parent up to mount point /)
Stopping at filesystem boundary (GIT_DISCOVERY_ACROSS_FILESYSTEM not set).
2025-04-29 15:17:39.575 [info] > git rev-parse --show-toplevel [1ms]
2025-04-29 15:17:39.575 [info] fatal: not a git repository (or any parent up to mount point /)
Stopping at filesystem boundary (GIT_DISCOVERY_ACROSS_FILESYSTEM not set).
2025-04-29 15:17:40.906 [info] > git rev-parse --show-toplevel [3ms]
2025-04-29 15:17:40.906 [info] fatal: not a git repository (or any parent up to mount point /)
Stopping at filesystem boundary (GIT_DISCOVERY_ACROSS_FILESYSTEM not set).
2025-04-29 15:19:24.596 [info] > git init -b main [40ms]
2025-04-29 15:19:24.605 [info] > git rev-parse --show-toplevel [1ms]
2025-04-29 15:19:24.616 [info] > git rev-parse --git-dir --git-common-dir [2ms]
2025-04-29 15:19:24.629 [info] [Model][openRepository] Opened repository: /home/getsal030
2025-04-29 15:19:24.642 [info] > git config --get commit.template [3ms]
2025-04-29 15:19:24.651 [info] [Git][getRemotes] No remotes found in the git config file
2025-04-29 15:19:24.654 [info] > git for-each-ref --format=%(refname)%00%(upstream:short)%00%(objectname)%00%(upstream:track)%00%(upstream:remotename)%00%(upstream:remoteref) refs/heads/main refs/remotes/main [3ms]
2025-04-29 15:19:24.654 [warning] [Git][getBranch] No such branch: main
2025-04-29 15:19:24.674 [info] > git status -z -uall [12ms]
2025-04-29 15:19:24.679 [info] > git for-each-ref --sort -committerdate --format %(refname) %(objectname) %(*objectname) [7ms]
2025-04-29 15:19:24.713 [info] > git for-each-ref --format=%(refname)%00%(upstream:short)%00%(objectname)%00%(upstream:track)%00%(upstream:remotename)%00%(upstream:remoteref) refs/heads/main refs/remotes/main [17ms]
2025-04-29 15:19:24.713 [warning] [Git][getBranch] No such branch: main
2025-04-29 15:19:24.714 [error] [GitHistoryProvider][resolveHEADMergeBase] Failed to resolve merge base for main: Error: No such branch: main.
2025-04-29 15:19:24.716 [info] > git config --get commit.template [6ms]
2025-04-29 15:19:24.724 [info] [Git][getRemotes] No remotes found in the git config file
2025-04-29 15:19:24.852 [info] > git for-each-ref --format=%(refname)%00%(upstream:short)%00%(objectname)%00%(upstream:track)%00%(upstream:remotename)%00%(upstream:remoteref) refs/heads/main refs/remotes/main [129ms]
2025-04-29 15:19:24.852 [warning] [Git][getBranch] No such branch: main
2025-04-29 15:19:24.872 [info] > git status -z -uall [13ms]
2025-04-29 15:19:24.874 [info] > git log --format=%H%n%aN%n%aE%n%at%n%ct%n%P%n%D%n%B -z --shortstat --diff-merges=first-parent -n50 --skip=0 --topo-order --decorate=full --stdin [26ms]
2025-04-29 15:19:24.874 [info] fatal: bad revision 'refs/heads/main'
2025-04-29 15:19:24.874 [error] [GitHistoryProvider][provideHistoryItems] Failed to get history items with options '{"historyItemRefs":["refs/heads/main"],"limit":50,"skip":0}': Failed to execute git {
  "exitCode": 128,
  "gitCommand": "log",
  "stdout": "",
  "stderr": "fatal: bad revision 'refs/heads/main'\n"
}
2025-04-29 15:19:24.875 [info] > git for-each-ref --sort -committerdate --format %(refname) %(objectname) %(*objectname) [8ms]
2025-04-29 15:19:25.475 [info] > git check-ignore -v -z --stdin [2ms]
2025-04-29 15:19:29.995 [info] [Git][getRemotes] No remotes found in the git config file
2025-04-29 15:19:29.996 [info] > git config --get commit.template [9ms]
2025-04-29 15:19:29.996 [info] > git for-each-ref --format=%(refname)%00%(upstream:short)%00%(objectname)%00%(upstream:track)%00%(upstream:remotename)%00%(upstream:remoteref) refs/heads/main refs/remotes/main [2ms]
2025-04-29 15:19:29.996 [warning] [Git][getBranch] No such branch: main
2025-04-29 15:19:30.018 [info] > git status -z -uall [13ms]
2025-04-29 15:19:30.019 [info] > git for-each-ref --sort -committerdate --format %(refname) %(objectname) %(*objectname) [5ms]
