2025-04-29 03:35:35.110 [info] [main] Log level: Info
2025-04-29 03:35:35.110 [info] [main] Validating found git in: "git"
2025-04-29 03:35:35.110 [info] [main] Using git "2.43.0" from "git"
2025-04-29 03:35:35.110 [info] [Model][doInitialScan] Initial repository scan started
2025-04-29 03:35:35.110 [info] > git rev-parse --show-toplevel [7ms]
2025-04-29 03:35:35.110 [info] fatal: not a git repository (or any parent up to mount point /)
Stopping at filesystem boundary (GIT_DISCOVERY_ACROSS_FILESYSTEM not set).
2025-04-29 03:35:35.110 [info] > git rev-parse --show-toplevel [3ms]
2025-04-29 03:35:35.110 [info] fatal: not a git repository (or any parent up to mount point /)
Stopping at filesystem boundary (GIT_DISCOVERY_ACROSS_FILESYSTEM not set).
2025-04-29 03:35:35.117 [info] > git rev-parse --show-toplevel [2ms]
2025-04-29 03:35:35.117 [info] fatal: not a git repository (or any parent up to mount point /)
Stopping at filesystem boundary (GIT_DISCOVERY_ACROSS_FILESYSTEM not set).
2025-04-29 03:35:35.122 [info] > git rev-parse --show-toplevel [2ms]
2025-04-29 03:35:35.122 [info] fatal: not a git repository (or any parent up to mount point /)
Stopping at filesystem boundary (GIT_DISCOVERY_ACROSS_FILESYSTEM not set).
2025-04-29 03:35:35.337 [info] > git rev-parse --show-toplevel [210ms]
2025-04-29 03:35:35.337 [info] fatal: not a git repository (or any parent up to mount point /)
Stopping at filesystem boundary (GIT_DISCOVERY_ACROSS_FILESYSTEM not set).
2025-04-29 03:35:35.354 [info] > git rev-parse --show-toplevel [8ms]
2025-04-29 03:35:35.354 [info] fatal: not a git repository (or any parent up to mount point /)
Stopping at filesystem boundary (GIT_DISCOVERY_ACROSS_FILESYSTEM not set).
2025-04-29 03:35:35.411 [info] > git rev-parse --show-toplevel [51ms]
2025-04-29 03:35:35.411 [info] fatal: not a git repository (or any parent up to mount point /)
Stopping at filesystem boundary (GIT_DISCOVERY_ACROSS_FILESYSTEM not set).
2025-04-29 03:35:35.433 [info] > git rev-parse --show-toplevel [13ms]
2025-04-29 03:35:35.433 [info] fatal: not a git repository (or any parent up to mount point /)
Stopping at filesystem boundary (GIT_DISCOVERY_ACROSS_FILESYSTEM not set).
2025-04-29 03:35:37.761 [info] > git rev-parse --show-toplevel [2323ms]
2025-04-29 03:35:37.761 [info] fatal: not a git repository (or any parent up to mount point /)
Stopping at filesystem boundary (GIT_DISCOVERY_ACROSS_FILESYSTEM not set).
2025-04-29 03:35:37.762 [info] [Model][doInitialScan] Initial repository scan completed - repositories (0), closed repositories (0), parent repositories (0), unsafe repositories (0)
