2025-04-29 03:30:35.911 [info] [main] Log level: Info
2025-04-29 03:30:35.911 [info] [main] Validating found git in: "git"
2025-04-29 03:30:35.911 [info] [main] Using git "2.43.0" from "git"
2025-04-29 03:30:35.911 [info] [Model][doInitialScan] Initial repository scan started
2025-04-29 03:30:35.911 [info] > git rev-parse --show-toplevel [4ms]
2025-04-29 03:30:35.911 [info] fatal: not a git repository (or any parent up to mount point /)
Stopping at filesystem boundary (GIT_DISCOVERY_ACROSS_FILESYSTEM not set).
2025-04-29 03:30:35.912 [info] > git rev-parse --show-toplevel [2ms]
2025-04-29 03:30:35.912 [info] fatal: not a git repository (or any parent up to mount point /)
Stopping at filesystem boundary (GIT_DISCOVERY_ACROSS_FILESYSTEM not set).
2025-04-29 03:30:35.917 [info] > git rev-parse --show-toplevel [2ms]
2025-04-29 03:30:35.917 [info] fatal: not a git repository (or any parent up to mount point /)
Stopping at filesystem boundary (GIT_DISCOVERY_ACROSS_FILESYSTEM not set).
2025-04-29 03:30:37.353 [info] > git rev-parse --show-toplevel [1432ms]
2025-04-29 03:30:37.353 [info] fatal: not a git repository (or any parent up to mount point /)
Stopping at filesystem boundary (GIT_DISCOVERY_ACROSS_FILESYSTEM not set).
2025-04-29 03:30:37.360 [info] > git rev-parse --show-toplevel [2ms]
2025-04-29 03:30:37.360 [info] fatal: not a git repository (or any parent up to mount point /)
Stopping at filesystem boundary (GIT_DISCOVERY_ACROSS_FILESYSTEM not set).
2025-04-29 03:30:37.366 [info] > git rev-parse --show-toplevel [2ms]
2025-04-29 03:30:37.366 [info] fatal: not a git repository (or any parent up to mount point /)
Stopping at filesystem boundary (GIT_DISCOVERY_ACROSS_FILESYSTEM not set).
2025-04-29 03:30:37.512 [info] > git rev-parse --show-toplevel [142ms]
2025-04-29 03:30:37.512 [info] fatal: not a git repository (or any parent up to mount point /)
Stopping at filesystem boundary (GIT_DISCOVERY_ACROSS_FILESYSTEM not set).
2025-04-29 03:30:37.512 [info] [Model][doInitialScan] Initial repository scan completed - repositories (0), closed repositories (0), parent repositories (0), unsafe repositories (0)
2025-04-29 03:30:40.519 [info] > git rev-parse --show-toplevel [7ms]
2025-04-29 03:30:40.519 [info] fatal: not a git repository (or any parent up to mount point /)
Stopping at filesystem boundary (GIT_DISCOVERY_ACROSS_FILESYSTEM not set).
2025-04-29 03:30:40.785 [info] > git rev-parse --show-toplevel [89ms]
2025-04-29 03:30:40.785 [info] fatal: not a git repository (or any parent up to mount point /)
Stopping at filesystem boundary (GIT_DISCOVERY_ACROSS_FILESYSTEM not set).
