2025-04-29 13:40:26.144 [info] Extension host with pid 2094 started
2025-04-29 13:40:26.145 [error] Error: EEXIST: file already exists, open '/home/getsal030/.codeoss/data/User/workspaceStorage/-10d8acb3/vscode.lock'
2025-04-29 13:40:26.153 [info] Lock '/home/getsal030/.codeoss/data/User/workspaceStorage/-10d8acb3/vscode.lock': Could not acquire lock, checking if the file is stale.
2025-04-29 13:40:26.159 [info] Lock '/home/getsal030/.codeoss/data/User/workspaceStorage/-10d8acb3/vscode.lock': The lock does not look stale, elapsed: 933 ms, giving up.
2025-04-29 13:40:26.171 [info] Lock '/home/getsal030/.codeoss/data/User/workspaceStorage/-10d8acb3-1/vscode.lock': Lock acquired.
2025-04-29 13:40:26.230 [info] ExtensionService#_doActivateExtension vscode.emmet, startup: false, activationEvent: 'onLanguage'
2025-04-29 13:40:26.315 [info] ExtensionService#_doActivateExtension vscode.git-base, startup: true, activationEvent: '*', root cause: vscode.git
2025-04-29 13:40:26.323 [info] ExtensionService#_doActivateExtension ms-python.python, startup: true, activationEvent: 'workspaceContains:requirements.txt'
2025-04-29 13:40:26.797 [info] ExtensionService#_doActivateExtension vscode.git, startup: true, activationEvent: '*'
2025-04-29 13:40:26.799 [info] ExtensionService#_doActivateExtension vscode.github, startup: true, activationEvent: '*'
2025-04-29 13:40:27.035 [error] Error: spawn /google/devshell/editor/code-oss-for-cloud-shell/extensions/ms-python.python/python-env-tools/bin/pet ENOENT
	at ChildProcess._handle.onexit (node:internal/child_process:286:19)
	at onErrorNT (node:internal/child_process:484:16)
	at process.processTicksAndRejections (node:internal/process/task_queues:82:21)
2025-04-29 13:40:27.214 [info] Eager extensions activated
2025-04-29 13:40:27.215 [info] ExtensionService#_doActivateExtension EditorConfig.EditorConfig, startup: false, activationEvent: 'onStartupFinished'
2025-04-29 13:40:27.217 [info] ExtensionService#_doActivateExtension google.cloud-shell, startup: false, activationEvent: 'onStartupFinished'
2025-04-29 13:40:27.218 [info] ExtensionService#_doActivateExtension google.geminicodeassist, startup: false, activationEvent: 'onStartupFinished', root cause: googlecloudtools.cloudcode
2025-04-29 13:40:27.219 [info] ExtensionService#_doActivateExtension vscode.debug-auto-launch, startup: false, activationEvent: 'onStartupFinished'
2025-04-29 13:40:27.219 [info] ExtensionService#_doActivateExtension vscode.merge-conflict, startup: false, activationEvent: 'onStartupFinished'
2025-04-29 13:40:29.443 [info] ExtensionService#_doActivateExtension vscode.configuration-editing, startup: false, activationEvent: 'onLanguage:jsonc'
2025-04-29 13:40:29.444 [info] ExtensionService#_doActivateExtension vscode.json-language-features, startup: false, activationEvent: 'onLanguage:jsonc'
2025-04-29 13:40:29.444 [info] ExtensionService#_doActivateExtension vscode.typescript-language-features, startup: false, activationEvent: 'onLanguage:jsonc'
2025-04-29 13:40:29.852 [info] ExtensionService#_doActivateExtension googlecloudtools.cloudcode, startup: false, activationEvent: 'onStartupFinished'
2025-04-29 14:49:51.175 [info] Extension host terminating: renderer disconnected for too long (2)
2025-04-29 14:49:51.177 [info] Lock '/home/getsal030/.codeoss/data/User/workspaceStorage/-10d8acb3-1/vscode.lock': Marking the lockfile as scheduled to be released in 6000 ms.
2025-04-29 14:49:51.227 [info] Extension host with pid 2094 exiting with code 0
