2025-04-29 13:30:27.646 [info] Extension host with pid 1250 started
2025-04-29 13:30:27.646 [error] Error: EEXIST: file already exists, open '/home/getsal030/.codeoss/data/User/workspaceStorage/-10d8acb3/vscode.lock'
2025-04-29 13:30:27.672 [info] Lock '/home/getsal030/.codeoss/data/User/workspaceStorage/-10d8acb3/vscode.lock': Could not acquire lock, checking if the file is stale.
2025-04-29 13:30:27.677 [info] Lock '/home/getsal030/.codeoss/data/User/workspaceStorage/-10d8acb3/vscode.lock': The pid 1296 appears to be gone.
2025-04-29 13:30:27.677 [info] Lock '/home/getsal030/.codeoss/data/User/workspaceStorage/-10d8acb3/vscode.lock': Deleting a stale lock.
2025-04-29 13:30:27.688 [info] Lock '/home/getsal030/.codeoss/data/User/workspaceStorage/-10d8acb3/vscode.lock': Lock acquired.
2025-04-29 13:30:27.776 [info] ExtensionService#_doActivateExtension vscode.emmet, startup: false, activationEvent: 'onLanguage'
2025-04-29 13:30:27.778 [info] ExtensionService#_doActivateExtension vscode.configuration-editing, startup: false, activationEvent: 'onLanguage:jsonc'
2025-04-29 13:30:27.778 [info] ExtensionService#_doActivateExtension vscode.json-language-features, startup: false, activationEvent: 'onLanguage:jsonc'
2025-04-29 13:30:27.779 [info] ExtensionService#_doActivateExtension vscode.typescript-language-features, startup: false, activationEvent: 'onLanguage:jsonc'
2025-04-29 13:30:28.371 [info] ExtensionService#_doActivateExtension vscode.git-base, startup: true, activationEvent: '*', root cause: vscode.git
2025-04-29 13:30:28.394 [info] ExtensionService#_doActivateExtension ms-python.python, startup: true, activationEvent: 'workspaceContains:requirements.txt'
2025-04-29 13:30:28.813 [info] ExtensionService#_doActivateExtension vscode.git, startup: true, activationEvent: '*'
2025-04-29 13:30:28.814 [info] ExtensionService#_doActivateExtension vscode.github, startup: true, activationEvent: '*'
2025-04-29 13:30:29.008 [error] Error: spawn /google/devshell/editor/code-oss-for-cloud-shell/extensions/ms-python.python/python-env-tools/bin/pet ENOENT
	at ChildProcess._handle.onexit (node:internal/child_process:286:19)
	at onErrorNT (node:internal/child_process:484:16)
	at process.processTicksAndRejections (node:internal/process/task_queues:82:21)
2025-04-29 13:30:29.152 [info] Eager extensions activated
2025-04-29 13:30:29.156 [info] ExtensionService#_doActivateExtension EditorConfig.EditorConfig, startup: false, activationEvent: 'onStartupFinished'
2025-04-29 13:30:29.156 [info] ExtensionService#_doActivateExtension google.cloud-shell, startup: false, activationEvent: 'onStartupFinished'
2025-04-29 13:30:29.157 [info] ExtensionService#_doActivateExtension google.geminicodeassist, startup: false, activationEvent: 'onStartupFinished', root cause: googlecloudtools.cloudcode
2025-04-29 13:30:29.158 [info] ExtensionService#_doActivateExtension vscode.debug-auto-launch, startup: false, activationEvent: 'onStartupFinished'
2025-04-29 13:30:29.159 [info] ExtensionService#_doActivateExtension vscode.merge-conflict, startup: false, activationEvent: 'onStartupFinished'
2025-04-29 13:30:33.041 [info] ExtensionService#_doActivateExtension googlecloudtools.cloudcode, startup: false, activationEvent: 'onStartupFinished'
2025-04-29 13:45:24.307 [info] Extension host terminating: renderer disconnected for too long (2)
2025-04-29 13:45:24.308 [info] Lock '/home/getsal030/.codeoss/data/User/workspaceStorage/-10d8acb3/vscode.lock': Marking the lockfile as scheduled to be released in 6000 ms.
2025-04-29 13:45:24.349 [info] Extension host with pid 1250 exiting with code 0
