2025-04-29 11:52:17.855 [warning] Dir "/home/getsal030/.pixi/envs" is not watchable (directory does not exist)
2025-04-29 11:52:17.855 [info] Running installed packages checker:  {
  id: '/bin/python',
  sysPrefix: '/usr',
  envType: 'Global',
  envName: '',
  envPath: '',
  path: '/bin/python',
  architecture: 3,
  sysVersion: '3.12.3 (main, Feb  4 2025, 14:48:35) [GCC 13.3.0]',
  version: {
    raw: '3.12.3',
    major: 3,
    minor: 12,
    patch: 3,
    build: [],
    prerelease: [ 'final', '0' ]
  },
  displayName: 'Python 3.12.3 64-bit',
  detailedDisplayName: 'Python 3.12.3 64-bit',
  type: undefined
} /google/devshell/editor/code-oss-for-cloud-shell/extensions/ms-python.python/python_files/installed_check.py /home/getsal030/requirements.txt
2025-04-29 11:52:17.855 [info] > /bin/python /google/devshell/editor/code-oss-for-cloud-shell/extensions/ms-python.python/python_files/installed_check.py ./requirements.txt
2025-04-29 11:52:17.855 [info] Python interpreter path: /bin/python
2025-04-29 11:52:17.905 [info] > pyenv which python
2025-04-29 11:52:17.905 [info] cwd: .
2025-04-29 11:52:23.238 [info] Starting Jedi language server for getsal030.
2025-04-29 11:53:57.915 [info] Running installed packages checker:  {
  id: '/bin/python',
  sysPrefix: '/usr',
  envType: 'Global',
  envName: '',
  envPath: '',
  path: '/bin/python',
  architecture: 3,
  sysVersion: '3.12.3 (main, Feb  4 2025, 14:48:35) [GCC 13.3.0]',
  version: {
    raw: '3.12.3',
    major: 3,
    minor: 12,
    patch: 3,
    build: [],
    prerelease: [ 'final', '0' ]
  },
  displayName: 'Python 3.12.3 64-bit',
  detailedDisplayName: 'Python 3.12.3 64-bit',
  type: undefined
} /google/devshell/editor/code-oss-for-cloud-shell/extensions/ms-python.python/python_files/installed_check.py /home/getsal030/requirements.txt
2025-04-29 11:53:57.915 [info] > /bin/python /google/devshell/editor/code-oss-for-cloud-shell/extensions/ms-python.python/python_files/installed_check.py ./requirements.txt
2025-04-29 12:04:31.744 [info] Discover tests for workspace name: getsal030 - uri: /home/getsal030/app.py
2025-04-29 12:04:33.847 [info] Discover tests for workspace name: getsal030 - uri: /home/getsal030/app.py
2025-04-29 12:10:53.717 [info] Discover tests for workspace name: getsal030 - uri: /home/getsal030/app.py
2025-04-29 12:10:57.703 [info] Discover tests for workspace name: getsal030 - uri: /home/getsal030/app.py
2025-04-29 12:11:00.029 [info] Discover tests for workspace name: getsal030 - uri: /home/getsal030/app.py
2025-04-29 12:11:02.965 [info] Discover tests for workspace name: getsal030 - uri: /home/getsal030/app.py
2025-04-29 12:11:05.019 [info] Discover tests for workspace name: getsal030 - uri: /home/getsal030/app.py
