Initializing document watcher...
Document watcher initialized
getsal030/Dockerfile: {}
getsal030/Dockerfile: {}
getsal030/Dockerfile: {}
getsal030/Dockerfile: Using EditorConfig core...
getsal030/Dockerfile: Using EditorConfig core...
getsal030/Dockerfile: {}
getsal030/requirements.txt: {}
getsal030/requirements.txt: {}
getsal030/requirements.txt: {}
getsal030/15min_monitor.py: {}
getsal030/15min_monitor.py: {}
getsal030/requirements.txt: {}
getsal030/README-cloudshell.txt: {}
getsal030/Dockerfile: {}
getsal030/15min_monitor.py: {}
getsal030/README-cloudshell.txt: {}
getsal030/requirements.txt: {}
getsal030/README-cloudshell.txt: {}
getsal030/15min_monitor.py: {}
No more open editors.
No more open editors.
