2025-04-29 13:30:30.889 [warning] Dir "/home/getsal030/.pixi/envs" is not watchable (directory does not exist)
2025-04-29 13:30:30.889 [info] Starting Environment refresh
2025-04-29 13:30:30.889 [info] Searching for interpreters in posix paths locator
2025-04-29 13:30:30.889 [info] Searching for pyenv environments
2025-04-29 13:30:30.889 [info] Searching for conda environments
2025-04-29 13:30:30.889 [info] Searching for global virtual environments
2025-04-29 13:30:30.889 [info] Searching for custom virtual environments
2025-04-29 13:30:30.889 [info] pyenv is not installed
2025-04-29 13:30:30.889 [info] Finished searching for pyenv environments: 1537 milliseconds
2025-04-29 13:30:30.889 [info] Finished searching for custom virtual envs: 1535 milliseconds
2025-04-29 13:30:30.889 [info] > conda info --json
2025-04-29 13:30:30.889 [info] > hatch env show --json
2025-04-29 13:30:30.889 [info] cwd: .
2025-04-29 13:30:30.889 [info] > pyenv which python
2025-04-29 13:30:30.889 [info] cwd: .
2025-04-29 13:30:30.889 [info] Finished searching for global virtual envs: 1578 milliseconds
2025-04-29 13:30:30.945 [info] Found: /bin/python --> /bin/python3.12
2025-04-29 13:30:30.972 [info] Found: /bin/python3 --> /bin/python3.12
2025-04-29 13:30:30.973 [info] Found: /bin/python3.12 --> /bin/python3.12
2025-04-29 13:30:30.990 [info] Discover tests for workspace name: undefined - uri: /User/settings.json
2025-04-29 13:30:31.009 [info] Found: /usr/bin/python --> /usr/bin/python3.12
2025-04-29 13:30:31.009 [info] Found: /usr/bin/python3 --> /usr/bin/python3.12
2025-04-29 13:30:31.009 [info] Found: /usr/bin/python3.12 --> /usr/bin/python3.12
2025-04-29 13:30:31.100 [info] Finished searching for interpreters in posix paths locator: 1964 milliseconds
2025-04-29 13:30:31.100 [info] > /bin/python -I /google/devshell/editor/code-oss-for-cloud-shell/extensions/ms-python.python/python_files/get_output_via_markers.py /google/devshell/editor/code-oss-for-cloud-shell/extensions/ms-python.python/python_files/interpreterInfo.py
2025-04-29 13:30:31.116 [info] > /usr/bin/python -I /google/devshell/editor/code-oss-for-cloud-shell/extensions/ms-python.python/python_files/get_output_via_markers.py /google/devshell/editor/code-oss-for-cloud-shell/extensions/ms-python.python/python_files/interpreterInfo.py
2025-04-29 13:30:31.116 [info] Environments refresh paths discovered (event): 1986 milliseconds
2025-04-29 13:30:31.116 [info] Environments refresh paths discovered: 1986 milliseconds
2025-04-29 13:30:31.208 [info] Environments refresh finished (event): 2078 milliseconds
2025-04-29 13:30:31.226 [info] Environment refresh took 2095 milliseconds
2025-04-29 13:30:31.233 [info] Python interpreter path: /bin/python
2025-04-29 13:30:31.250 [info] Discover tests for workspace name: undefined - uri: /User/settings.json
2025-04-29 13:30:35.952 [info] Starting Jedi language server for getsal030.
