2025-04-29 13:16:15.471 [info] [main] Log level: Info
2025-04-29 13:16:15.471 [info] [main] Validating found git in: "git"
2025-04-29 13:16:15.471 [info] [main] Using git "2.43.0" from "git"
2025-04-29 13:16:15.471 [info] [Model][doInitialScan] Initial repository scan started
2025-04-29 13:16:15.471 [info] > git rev-parse --show-toplevel [7ms]
2025-04-29 13:16:15.471 [info] fatal: not a git repository (or any parent up to mount point /)
Stopping at filesystem boundary (GIT_DISCOVERY_ACROSS_FILESYSTEM not set).
2025-04-29 13:16:15.471 [info] > git rev-parse --show-toplevel [10ms]
2025-04-29 13:16:15.471 [info] fatal: not a git repository (or any parent up to mount point /)
Stopping at filesystem boundary (GIT_DISCOVERY_ACROSS_FILESYSTEM not set).
2025-04-29 13:16:15.727 [info] > git rev-parse --show-toplevel [240ms]
2025-04-29 13:16:15.727 [info] fatal: not a git repository (or any parent up to mount point /)
Stopping at filesystem boundary (GIT_DISCOVERY_ACROSS_FILESYSTEM not set).
2025-04-29 13:16:15.755 [info] > git rev-parse --show-toplevel [4ms]
2025-04-29 13:16:15.755 [info] fatal: not a git repository (or any parent up to mount point /)
Stopping at filesystem boundary (GIT_DISCOVERY_ACROSS_FILESYSTEM not set).
2025-04-29 13:16:18.445 [info] > git rev-parse --show-toplevel [2685ms]
2025-04-29 13:16:18.445 [info] fatal: not a git repository (or any parent up to mount point /)
Stopping at filesystem boundary (GIT_DISCOVERY_ACROSS_FILESYSTEM not set).
2025-04-29 13:16:18.739 [info] > git rev-parse --show-toplevel [274ms]
2025-04-29 13:16:18.739 [info] fatal: not a git repository (or any parent up to mount point /)
Stopping at filesystem boundary (GIT_DISCOVERY_ACROSS_FILESYSTEM not set).
2025-04-29 13:16:18.923 [info] > git rev-parse --show-toplevel [10ms]
2025-04-29 13:16:18.923 [info] fatal: not a git repository (or any parent up to mount point /)
Stopping at filesystem boundary (GIT_DISCOVERY_ACROSS_FILESYSTEM not set).
2025-04-29 13:16:18.943 [info] > git rev-parse --show-toplevel [4ms]
2025-04-29 13:16:18.943 [info] fatal: not a git repository (or any parent up to mount point /)
Stopping at filesystem boundary (GIT_DISCOVERY_ACROSS_FILESYSTEM not set).
2025-04-29 13:16:18.994 [info] > git rev-parse --show-toplevel [32ms]
2025-04-29 13:16:18.994 [info] fatal: not a git repository (or any parent up to mount point /)
Stopping at filesystem boundary (GIT_DISCOVERY_ACROSS_FILESYSTEM not set).
2025-04-29 13:16:19.018 [info] > git rev-parse --show-toplevel [4ms]
2025-04-29 13:16:19.018 [info] fatal: not a git repository (or any parent up to mount point /)
Stopping at filesystem boundary (GIT_DISCOVERY_ACROSS_FILESYSTEM not set).
2025-04-29 13:16:19.019 [info] [Model][doInitialScan] Initial repository scan completed - repositories (0), closed repositories (0), parent repositories (0), unsafe repositories (0)
