2025-04-29 12:12:18.728 [warning] Dir "/home/getsal030/.pixi/envs" is not watchable (directory does not exist)
2025-04-29 12:12:18.728 [info] Python interpreter path: /bin/python
2025-04-29 12:12:18.965 [info] > pyenv which python
2025-04-29 12:12:18.965 [info] cwd: .
2025-04-29 12:12:22.929 [info] Starting Jedi language server for getsal030.
2025-04-29 12:14:05.028 [info] Running installed packages checker:  {
  id: '/bin/python',
  sysPrefix: '/usr',
  envType: 'Global',
  envName: '',
  envPath: '',
  path: '/bin/python',
  architecture: 3,
  sysVersion: '3.12.3 (main, Feb  4 2025, 14:48:35) [GCC 13.3.0]',
  version: {
    raw: '3.12.3',
    major: 3,
    minor: 12,
    patch: 3,
    build: [],
    prerelease: [ 'final', '0' ]
  },
  displayName: 'Python 3.12.3 64-bit',
  detailedDisplayName: 'Python 3.12.3 64-bit',
  type: undefined
} /google/devshell/editor/code-oss-for-cloud-shell/extensions/ms-python.python/python_files/installed_check.py /home/getsal030/requirements.txt
2025-04-29 12:14:05.029 [info] > /bin/python /google/devshell/editor/code-oss-for-cloud-shell/extensions/ms-python.python/python_files/installed_check.py ./requirements.txt
2025-04-29 12:18:19.285 [info] Discover tests for workspace name: getsal030 - uri: /home/getsal030/15min_monitor.py
