2025-04-29 11:52:20.158 [info] [main] Log level: Info
2025-04-29 11:52:20.158 [info] [main] Validating found git in: "git"
2025-04-29 11:52:20.158 [info] [main] Using git "2.43.0" from "git"
2025-04-29 11:52:20.158 [info] [Model][doInitialScan] Initial repository scan started
2025-04-29 11:52:20.158 [info] > git rev-parse --show-toplevel [28ms]
2025-04-29 11:52:20.158 [info] fatal: not a git repository (or any parent up to mount point /)
Stopping at filesystem boundary (GIT_DISCOVERY_ACROSS_FILESYSTEM not set).
2025-04-29 11:52:20.158 [info] > git rev-parse --show-toplevel [2261ms]
2025-04-29 11:52:20.158 [info] fatal: not a git repository (or any parent up to mount point /)
Stopping at filesystem boundary (GIT_DISCOVERY_ACROSS_FILESYSTEM not set).
2025-04-29 11:52:20.531 [info] > git rev-parse --show-toplevel [24ms]
2025-04-29 11:52:20.531 [info] fatal: not a git repository (or any parent up to mount point /)
Stopping at filesystem boundary (GIT_DISCOVERY_ACROSS_FILESYSTEM not set).
2025-04-29 11:52:20.545 [info] > git rev-parse --show-toplevel [4ms]
2025-04-29 11:52:20.545 [info] fatal: not a git repository (or any parent up to mount point /)
Stopping at filesystem boundary (GIT_DISCOVERY_ACROSS_FILESYSTEM not set).
2025-04-29 11:52:20.584 [info] > git rev-parse --show-toplevel [31ms]
2025-04-29 11:52:20.584 [info] fatal: not a git repository (or any parent up to mount point /)
Stopping at filesystem boundary (GIT_DISCOVERY_ACROSS_FILESYSTEM not set).
2025-04-29 11:52:20.693 [info] > git rev-parse --show-toplevel [42ms]
2025-04-29 11:52:20.693 [info] fatal: not a git repository (or any parent up to mount point /)
Stopping at filesystem boundary (GIT_DISCOVERY_ACROSS_FILESYSTEM not set).
2025-04-29 11:52:20.779 [info] > git rev-parse --show-toplevel [74ms]
2025-04-29 11:52:20.779 [info] fatal: not a git repository (or any parent up to mount point /)
Stopping at filesystem boundary (GIT_DISCOVERY_ACROSS_FILESYSTEM not set).
2025-04-29 11:52:20.792 [info] > git rev-parse --show-toplevel [3ms]
2025-04-29 11:52:20.792 [info] fatal: not a git repository (or any parent up to mount point /)
Stopping at filesystem boundary (GIT_DISCOVERY_ACROSS_FILESYSTEM not set).
2025-04-29 11:52:20.831 [info] > git rev-parse --show-toplevel [30ms]
2025-04-29 11:52:20.831 [info] fatal: not a git repository (or any parent up to mount point /)
Stopping at filesystem boundary (GIT_DISCOVERY_ACROSS_FILESYSTEM not set).
2025-04-29 11:52:20.832 [info] [Model][doInitialScan] Initial repository scan completed - repositories (0), closed repositories (0), parent repositories (0), unsafe repositories (0)
2025-04-29 11:52:35.559 [info] > git rev-parse --show-toplevel [4ms]
2025-04-29 11:52:35.559 [info] fatal: not a git repository (or any parent up to mount point /)
Stopping at filesystem boundary (GIT_DISCOVERY_ACROSS_FILESYSTEM not set).
2025-04-29 11:52:37.222 [info] > git rev-parse --show-toplevel [2ms]
2025-04-29 11:52:37.222 [info] fatal: not a git repository (or any parent up to mount point /)
Stopping at filesystem boundary (GIT_DISCOVERY_ACROSS_FILESYSTEM not set).
2025-04-29 11:52:37.885 [info] > git rev-parse --show-toplevel [3ms]
2025-04-29 11:52:37.885 [info] fatal: not a git repository (or any parent up to mount point /)
Stopping at filesystem boundary (GIT_DISCOVERY_ACROSS_FILESYSTEM not set).
2025-04-29 11:53:32.733 [info] > git rev-parse --show-toplevel [2ms]
2025-04-29 11:53:32.733 [info] fatal: not a git repository (or any parent up to mount point /)
Stopping at filesystem boundary (GIT_DISCOVERY_ACROSS_FILESYSTEM not set).
2025-04-29 11:53:35.599 [info] > git rev-parse --show-toplevel [2ms]
2025-04-29 11:53:35.600 [info] fatal: not a git repository (or any parent up to mount point /)
Stopping at filesystem boundary (GIT_DISCOVERY_ACROSS_FILESYSTEM not set).
2025-04-29 11:53:54.903 [info] > git rev-parse --show-toplevel [4ms]
2025-04-29 11:53:54.903 [info] fatal: not a git repository (or any parent up to mount point /)
Stopping at filesystem boundary (GIT_DISCOVERY_ACROSS_FILESYSTEM not set).
2025-04-29 11:54:44.656 [info] > git rev-parse --show-toplevel [3ms]
2025-04-29 11:54:44.656 [info] fatal: not a git repository (or any parent up to mount point /)
Stopping at filesystem boundary (GIT_DISCOVERY_ACROSS_FILESYSTEM not set).
2025-04-29 11:55:00.669 [info] > git rev-parse --show-toplevel [4ms]
2025-04-29 11:55:00.669 [info] fatal: not a git repository (or any parent up to mount point /)
Stopping at filesystem boundary (GIT_DISCOVERY_ACROSS_FILESYSTEM not set).
2025-04-29 12:04:29.063 [info] > git rev-parse --show-toplevel [2ms]
2025-04-29 12:04:29.063 [info] fatal: not a git repository (or any parent up to mount point /)
Stopping at filesystem boundary (GIT_DISCOVERY_ACROSS_FILESYSTEM not set).
2025-04-29 12:04:35.763 [info] > git rev-parse --show-toplevel [3ms]
2025-04-29 12:04:35.763 [info] fatal: not a git repository (or any parent up to mount point /)
Stopping at filesystem boundary (GIT_DISCOVERY_ACROSS_FILESYSTEM not set).
2025-04-29 12:10:30.440 [info] > git rev-parse --show-toplevel [3ms]
2025-04-29 12:10:30.440 [info] fatal: not a git repository (or any parent up to mount point /)
Stopping at filesystem boundary (GIT_DISCOVERY_ACROSS_FILESYSTEM not set).
2025-04-29 12:10:37.039 [info] > git rev-parse --show-toplevel [3ms]
2025-04-29 12:10:37.039 [info] fatal: not a git repository (or any parent up to mount point /)
Stopping at filesystem boundary (GIT_DISCOVERY_ACROSS_FILESYSTEM not set).
