2025-04-29 13:30:30.891 [info] [main] Log level: Info
2025-04-29 13:30:30.891 [info] [main] Validating found git in: "git"
2025-04-29 13:30:30.891 [info] [main] Using git "2.43.0" from "git"
2025-04-29 13:30:30.891 [info] [Model][doInitialScan] Initial repository scan started
2025-04-29 13:30:30.891 [info] > git rev-parse --show-toplevel [6ms]
2025-04-29 13:30:30.891 [info] fatal: not a git repository (or any parent up to mount point /)
Stopping at filesystem boundary (GIT_DISCOVERY_ACROSS_FILESYSTEM not set).
2025-04-29 13:30:30.891 [info] > git rev-parse --show-toplevel [3ms]
2025-04-29 13:30:30.891 [info] fatal: not a git repository (or any parent up to mount point /)
Stopping at filesystem boundary (GIT_DISCOVERY_ACROSS_FILESYSTEM not set).
2025-04-29 13:30:30.963 [info] > git rev-parse --show-toplevel [30ms]
2025-04-29 13:30:30.963 [info] fatal: not a git repository (or any parent up to mount point /)
Stopping at filesystem boundary (GIT_DISCOVERY_ACROSS_FILESYSTEM not set).
2025-04-29 13:30:30.974 [info] > git rev-parse --show-toplevel [3ms]
2025-04-29 13:30:30.974 [info] fatal: not a git repository (or any parent up to mount point /)
Stopping at filesystem boundary (GIT_DISCOVERY_ACROSS_FILESYSTEM not set).
2025-04-29 13:30:30.982 [info] > git rev-parse --show-toplevel [3ms]
2025-04-29 13:30:30.982 [info] fatal: not a git repository (or any parent up to mount point /)
Stopping at filesystem boundary (GIT_DISCOVERY_ACROSS_FILESYSTEM not set).
2025-04-29 13:30:30.993 [info] > git rev-parse --show-toplevel [4ms]
2025-04-29 13:30:30.993 [info] fatal: not a git repository (or any parent up to mount point /)
Stopping at filesystem boundary (GIT_DISCOVERY_ACROSS_FILESYSTEM not set).
2025-04-29 13:30:31.004 [info] > git rev-parse --show-toplevel [6ms]
2025-04-29 13:30:31.004 [info] fatal: not a git repository (or any parent up to mount point /)
Stopping at filesystem boundary (GIT_DISCOVERY_ACROSS_FILESYSTEM not set).
2025-04-29 13:30:31.010 [info] > git rev-parse --show-toplevel [2ms]
2025-04-29 13:30:31.010 [info] fatal: not a git repository (or any parent up to mount point /)
Stopping at filesystem boundary (GIT_DISCOVERY_ACROSS_FILESYSTEM not set).
2025-04-29 13:30:31.018 [info] > git rev-parse --show-toplevel [3ms]
2025-04-29 13:30:31.018 [info] fatal: not a git repository (or any parent up to mount point /)
Stopping at filesystem boundary (GIT_DISCOVERY_ACROSS_FILESYSTEM not set).
2025-04-29 13:30:31.030 [info] > git rev-parse --show-toplevel [5ms]
2025-04-29 13:30:31.030 [info] fatal: not a git repository (or any parent up to mount point /)
Stopping at filesystem boundary (GIT_DISCOVERY_ACROSS_FILESYSTEM not set).
2025-04-29 13:30:31.031 [info] [Model][doInitialScan] Initial repository scan completed - repositories (0), closed repositories (0), parent repositories (0), unsafe repositories (0)
2025-04-29 13:30:31.056 [info] > git rev-parse --show-toplevel [15ms]
2025-04-29 13:30:31.056 [info] fatal: not a git repository (or any parent up to mount point /)
Stopping at filesystem boundary (GIT_DISCOVERY_ACROSS_FILESYSTEM not set).
2025-04-29 13:30:31.066 [info] > git rev-parse --show-toplevel [3ms]
2025-04-29 13:30:31.066 [info] fatal: not a git repository (or any parent up to mount point /)
Stopping at filesystem boundary (GIT_DISCOVERY_ACROSS_FILESYSTEM not set).
